<?xml version="1.0" encoding="UTF-8"?>
<!-- Generated by org.testng.reporters.JUnitXMLReporter -->
<testsuite hostname="LAPTOP-D0CIFDTL" ignored="1" name="Default test" tests="1" failures="0" timestamp="2023-05-23T07:24:32 IST" time="0.032" errors="0">
  <testcase name="f" time="0.005" classname="programs2.CountNumberOfDigitsInInteger"/>
  <testcase name="f1" time="0.0" classname="programs2.CountNumberOfDigitsInInteger">
    <ignored/>
  </testcase> <!-- f1 -->
</testsuite> <!-- Default test -->
