<?xml version="1.0" encoding="UTF-8"?>
<testng-results skipped="0" failed="0" total="1" passed="1">
  <reporter-output>
  </reporter-output>
  <suite name="Default suite" duration-ms="31" started-at="2020-01-08T02:53:13Z" finished-at="2020-01-08T02:53:13Z">
    <groups>
    </groups>
    <test name="Default test" duration-ms="31" started-at="2020-01-08T02:53:13Z" finished-at="2020-01-08T02:53:13Z">
      <class name="stringprograms2.FindDuplicateChractersFromAString">
        <test-method status="PASS" signature="findIt()[pri:0, instance:stringprograms2.FindDuplicateChractersFromAString@3ac42916]" name="findIt" duration-ms="16" started-at="2020-01-08T08:23:13Z" finished-at="2020-01-08T08:23:13Z">
          <reporter-output>
          </reporter-output>
        </test-method> <!-- findIt -->
      </class> <!-- stringprograms2.FindDuplicateChractersFromAString -->
    </test> <!-- Default test -->
  </suite> <!-- Default suite -->
</testng-results>
